<?xml version="1.0" encoding="UTF-8"?>
<coverage generated="1655891143303" clover="3.2.0">
  <project timestamp="1655891143303" name="All files">
    <metrics statements="48" coveredstatements="33" conditionals="19" coveredconditionals="10" methods="28" coveredmethods="20" elements="95" coveredelements="63" complexity="0" loc="48" ncloc="48" packages="3" files="20" classes="20"/>
    <package name="assets.Icons">
      <metrics statements="7" coveredstatements="7" conditionals="0" coveredconditionals="0" methods="0" coveredmethods="0"/>
      <file name="arrow-right-light.svg" path="C:\Users\shravya.p_ymedialabs\my_projects\vue-blog\src\assets\Icons\arrow-right-light.svg">
        <metrics statements="1" coveredstatements="1" conditionals="0" coveredconditionals="0" methods="0" coveredmethods="0"/>
        <line num="1" count="4" type="stmt"/>
      </file>
      <file name="edit-regular.svg" path="C:\Users\shravya.p_ymedialabs\my_projects\vue-blog\src\assets\Icons\edit-regular.svg">
        <metrics statements="1" coveredstatements="1" conditionals="0" coveredconditionals="0" methods="0" coveredmethods="0"/>
        <line num="1" count="3" type="stmt"/>
      </file>
      <file name="envelope-regular.svg" path="C:\Users\shravya.p_ymedialabs\my_projects\vue-blog\src\assets\Icons\envelope-regular.svg">
        <metrics statements="1" coveredstatements="1" conditionals="0" coveredconditionals="0" methods="0" coveredmethods="0"/>
        <line num="1" count="2" type="stmt"/>
      </file>
      <file name="lock-alt-solid.svg" path="C:\Users\shravya.p_ymedialabs\my_projects\vue-blog\src\assets\Icons\lock-alt-solid.svg">
        <metrics statements="1" coveredstatements="1" conditionals="0" coveredconditionals="0" methods="0" coveredmethods="0"/>
        <line num="1" count="2" type="stmt"/>
      </file>
      <file name="times-circle-light.svg" path="C:\Users\shravya.p_ymedialabs\my_projects\vue-blog\src\assets\Icons\times-circle-light.svg">
        <metrics statements="1" coveredstatements="1" conditionals="0" coveredconditionals="0" methods="0" coveredmethods="0"/>
        <line num="1" count="2" type="stmt"/>
      </file>
      <file name="trash-regular.svg" path="C:\Users\shravya.p_ymedialabs\my_projects\vue-blog\src\assets\Icons\trash-regular.svg">
        <metrics statements="1" coveredstatements="1" conditionals="0" coveredconditionals="0" methods="0" coveredmethods="0"/>
        <line num="1" count="3" type="stmt"/>
      </file>
      <file name="user-alt-light.svg" path="C:\Users\shravya.p_ymedialabs\my_projects\vue-blog\src\assets\Icons\user-alt-light.svg">
        <metrics statements="1" coveredstatements="1" conditionals="0" coveredconditionals="0" methods="0" coveredmethods="0"/>
        <line num="1" count="1" type="stmt"/>
      </file>
    </package>
    <package name="components">
      <metrics statements="8" coveredstatements="5" conditionals="4" coveredconditionals="3" methods="7" coveredmethods="2"/>
      <file name="BlogCard.vue" path="C:\Users\shravya.p_ymedialabs\my_projects\vue-blog\src\components\BlogCard.vue">
        <metrics statements="1" coveredstatements="1" conditionals="2" coveredconditionals="2" methods="1" coveredmethods="1"/>
        <line num="1" count="25" type="cond" truecount="2" falsecount="0"/>
      </file>
      <file name="BlogCoverPreview.vue" path="C:\Users\shravya.p_ymedialabs\my_projects\vue-blog\src\components\BlogCoverPreview.vue">
        <metrics statements="1" coveredstatements="1" conditionals="0" coveredconditionals="0" methods="1" coveredmethods="0"/>
        <line num="1" count="6" type="stmt"/>
      </file>
      <file name="BlogPost.vue" path="C:\Users\shravya.p_ymedialabs\my_projects\vue-blog\src\components\BlogPost.vue">
        <metrics statements="1" coveredstatements="1" conditionals="2" coveredconditionals="1" methods="1" coveredmethods="1"/>
        <line num="1" count="9" type="cond" truecount="1" falsecount="1"/>
      </file>
      <file name="Loading.vue" path="C:\Users\shravya.p_ymedialabs\my_projects\vue-blog\src\components\Loading.vue">
        <metrics statements="1" coveredstatements="1" conditionals="0" coveredconditionals="0" methods="1" coveredmethods="0"/>
        <line num="1" count="6" type="stmt"/>
      </file>
      <file name="deleteModal.vue" path="C:\Users\shravya.p_ymedialabs\my_projects\vue-blog\src\components\deleteModal.vue">
        <metrics statements="4" coveredstatements="1" conditionals="0" coveredconditionals="0" methods="3" coveredmethods="0"/>
        <line num="1" count="9" type="stmt"/>
        <line num="19" count="0" type="stmt"/>
        <line num="22" count="0" type="stmt"/>
        <line num="23" count="0" type="stmt"/>
      </file>
    </package>
    <package name="views">
      <metrics statements="33" coveredstatements="21" conditionals="15" coveredconditionals="7" methods="21" coveredmethods="18"/>
      <file name="BlogPreview.vue" path="C:\Users\shravya.p_ymedialabs\my_projects\vue-blog\src\views\BlogPreview.vue">
        <metrics statements="4" coveredstatements="4" conditionals="0" coveredconditionals="0" methods="4" coveredmethods="4"/>
        <line num="1" count="6" type="stmt"/>
        <line num="16" count="1" type="stmt"/>
        <line num="19" count="1" type="stmt"/>
        <line num="22" count="1" type="stmt"/>
      </file>
      <file name="Blogs.vue" path="C:\Users\shravya.p_ymedialabs\my_projects\vue-blog\src\views\Blogs.vue">
        <metrics statements="1" coveredstatements="1" conditionals="2" coveredconditionals="2" methods="1" coveredmethods="1"/>
        <line num="1" count="13" type="cond" truecount="2" falsecount="0"/>
      </file>
      <file name="CreatePost.vue" path="C:\Users\shravya.p_ymedialabs\my_projects\vue-blog\src\views\CreatePost.vue">
        <metrics statements="1" coveredstatements="1" conditionals="1" coveredconditionals="0" methods="1" coveredmethods="1"/>
        <line num="2" count="9" type="cond" truecount="0" falsecount="1"/>
      </file>
      <file name="EditBlog.vue" path="C:\Users\shravya.p_ymedialabs\my_projects\vue-blog\src\views\EditBlog.vue">
        <metrics statements="1" coveredstatements="1" conditionals="1" coveredconditionals="0" methods="1" coveredmethods="1"/>
        <line num="1" count="12" type="cond" truecount="0" falsecount="1"/>
      </file>
      <file name="Home.vue" path="C:\Users\shravya.p_ymedialabs\my_projects\vue-blog\src\views\Home.vue">
        <metrics statements="1" coveredstatements="1" conditionals="2" coveredconditionals="1" methods="1" coveredmethods="1"/>
        <line num="1" count="9" type="cond" truecount="1" falsecount="1"/>
      </file>
      <file name="Login.vue" path="C:\Users\shravya.p_ymedialabs\my_projects\vue-blog\src\views\Login.vue">
        <metrics statements="19" coveredstatements="7" conditionals="4" coveredconditionals="1" methods="8" coveredmethods="5"/>
        <line num="1" count="31" type="cond" truecount="1" falsecount="2"/>
        <line num="47" count="2" type="stmt"/>
        <line num="48" count="2" type="stmt"/>
        <line num="51" count="2" type="stmt"/>
        <line num="61" count="1" type="stmt"/>
        <line num="62" count="1" type="stmt"/>
        <line num="70" count="1" type="stmt"/>
        <line num="71" count="0" type="stmt"/>
        <line num="73" count="0" type="cond" truecount="0" falsecount="1"/>
        <line num="74" count="0" type="stmt"/>
        <line num="75" count="0" type="stmt"/>
        <line num="76" count="0" type="stmt"/>
        <line num="77" count="0" type="stmt"/>
        <line num="78" count="0" type="stmt"/>
        <line num="79" count="0" type="stmt"/>
        <line num="82" count="0" type="stmt"/>
        <line num="83" count="0" type="stmt"/>
        <line num="84" count="0" type="stmt"/>
        <line num="85" count="0" type="stmt"/>
      </file>
      <file name="Register.vue" path="C:\Users\shravya.p_ymedialabs\my_projects\vue-blog\src\views\Register.vue">
        <metrics statements="1" coveredstatements="1" conditionals="3" coveredconditionals="1" methods="1" coveredmethods="1"/>
        <line num="1" count="39" type="cond" truecount="1" falsecount="2"/>
      </file>
      <file name="ViewBlog.vue" path="C:\Users\shravya.p_ymedialabs\my_projects\vue-blog\src\views\ViewBlog.vue">
        <metrics statements="5" coveredstatements="5" conditionals="2" coveredconditionals="2" methods="4" coveredmethods="4"/>
        <line num="1" count="9" type="cond" truecount="2" falsecount="0"/>
        <line num="32" count="1" type="stmt"/>
        <line num="37" count="1" type="stmt"/>
        <line num="38" count="2" type="stmt"/>
        <line num="40" count="1" type="stmt"/>
      </file>
    </package>
  </project>
</coverage>
