TN:
SF:src\assets\Icons\arrow-right-light.svg
FNF:0
FNH:0
DA:1,4
LF:1
LH:1
BRF:0
BRH:0
end_of_record
TN:
SF:src\assets\Icons\edit-regular.svg
FNF:0
FNH:0
DA:1,3
LF:1
LH:1
BRF:0
BRH:0
end_of_record
TN:
SF:src\assets\Icons\envelope-regular.svg
FNF:0
FNH:0
DA:1,2
LF:1
LH:1
BRF:0
BRH:0
end_of_record
TN:
SF:src\assets\Icons\lock-alt-solid.svg
FNF:0
FNH:0
DA:1,2
LF:1
LH:1
BRF:0
BRH:0
end_of_record
TN:
SF:src\assets\Icons\times-circle-light.svg
FNF:0
FNH:0
DA:1,1
LF:1
LH:1
BRF:0
BRH:0
end_of_record
TN:
SF:src\assets\Icons\trash-regular.svg
FNF:0
FNH:0
DA:1,3
LF:1
LH:1
BRF:0
BRH:0
end_of_record
TN:
SF:src\assets\Icons\user-alt-light.svg
FNF:0
FNH:0
DA:1,1
LF:1
LH:1
BRF:0
BRH:0
end_of_record
TN:
SF:src\components\BlogCard.vue
FN:1,(anonymous_0)
FNF:1
FNH:1
FNDA:6,(anonymous_0)
DA:1,25
LF:1
LH:1
BRDA:1,0,0,6
BRDA:1,0,1,4
BRF:2
BRH:2
end_of_record
TN:
SF:src\components\BlogCoverPreview.vue
FN:1,(anonymous_0)
FNF:1
FNH:0
FNDA:0,(anonymous_0)
DA:1,3
LF:1
LH:1
BRF:0
BRH:0
end_of_record
TN:
SF:src\components\BlogPost.vue
FN:1,(anonymous_0)
FNF:1
FNH:1
FNDA:1,(anonymous_0)
DA:1,9
LF:1
LH:1
BRDA:1,0,0,0
BRDA:1,0,1,4
BRF:2
BRH:1
end_of_record
TN:
SF:src\components\Loading.vue
FN:1,(anonymous_0)
FNF:1
FNH:0
FNDA:0,(anonymous_0)
DA:1,3
LF:1
LH:1
BRF:0
BRH:0
end_of_record
TN:
SF:src\components\deleteModal.vue
FN:18,(anonymous_0)
FN:21,(anonymous_1)
FN:1,(anonymous_2)
FNF:3
FNH:0
FNDA:0,(anonymous_0)
FNDA:0,(anonymous_1)
FNDA:0,(anonymous_2)
DA:1,9
DA:19,0
DA:22,0
DA:23,0
LF:4
LH:1
BRF:0
BRH:0
end_of_record
TN:
SF:src\views\BlogPreview.vue
FN:15,(anonymous_0)
FN:18,(anonymous_1)
FN:21,(anonymous_2)
FN:1,(anonymous_3)
FNF:4
FNH:4
FNDA:1,(anonymous_0)
FNDA:1,(anonymous_1)
FNDA:1,(anonymous_2)
FNDA:1,(anonymous_3)
DA:1,6
DA:16,1
DA:19,1
DA:22,1
LF:4
LH:4
BRF:0
BRH:0
end_of_record
TN:
SF:src\views\Blogs.vue
FN:1,(anonymous_0)
FNF:1
FNH:1
FNDA:6,(anonymous_0)
DA:1,13
LF:1
LH:1
BRDA:1,0,0,2
BRDA:1,0,1,2
BRF:2
BRH:2
end_of_record
TN:
SF:src\views\CreatePost.vue
FN:2,(anonymous_0)
FNF:1
FNH:1
FNDA:2,(anonymous_0)
DA:2,9
LF:1
LH:1
BRDA:2,0,0,0
BRF:1
BRH:0
end_of_record
TN:
SF:src\views\Home.vue
FN:1,(anonymous_0)
FNF:1
FNH:1
FNDA:2,(anonymous_0)
DA:1,9
LF:1
LH:1
BRDA:1,0,0,4
BRDA:1,0,1,0
BRF:2
BRH:1
end_of_record
TN:
SF:src\views\Login.vue
FN:47,(anonymous_0)
FN:48,(anonymous_2)
FN:50,(anonymous_4)
FN:60,(anonymous_5)
FN:70,(anonymous_6)
FN:71,(anonymous_7)
FN:80,(anonymous_8)
FN:1,(anonymous_9)
FNF:8
FNH:5
FNDA:2,(anonymous_0)
FNDA:2,(anonymous_2)
FNDA:2,(anonymous_4)
FNDA:1,(anonymous_5)
FNDA:0,(anonymous_6)
FNDA:0,(anonymous_7)
FNDA:0,(anonymous_8)
FNDA:11,(anonymous_9)
DA:1,31
DA:47,2
DA:48,2
DA:51,2
DA:61,1
DA:62,1
DA:70,1
DA:71,0
DA:73,0
DA:74,0
DA:75,0
DA:76,0
DA:77,0
DA:78,0
DA:79,0
DA:82,0
DA:83,0
DA:84,0
DA:85,0
LF:19
LH:7
BRDA:73,0,0,0
BRDA:1,1,0,0
BRDA:1,2,0,0
BRDA:1,2,1,36
BRF:4
BRH:1
end_of_record
TN:
SF:src\views\Register.vue
FN:48,(anonymous_0)
FN:49,(anonymous_2)
FN:50,(anonymous_4)
FN:52,(anonymous_6)
FN:65,(anonymous_7)
FN:1,(anonymous_8)
FNF:6
FNH:5
FNDA:2,(anonymous_0)
FNDA:2,(anonymous_2)
FNDA:2,(anonymous_4)
FNDA:1,(anonymous_6)
FNDA:0,(anonymous_7)
FNDA:11,(anonymous_8)
DA:1,31
DA:48,2
DA:49,2
DA:50,2
DA:53,1
DA:66,0
DA:67,0
DA:74,0
DA:75,0
DA:76,0
DA:77,0
DA:84,0
DA:85,0
DA:86,0
DA:87,0
DA:88,0
DA:90,0
DA:91,0
DA:92,0
DA:93,0
LF:20
LH:5
BRDA:67,0,0,0
BRDA:67,1,0,0
BRDA:67,1,1,0
BRDA:67,1,2,0
BRDA:67,1,3,0
BRDA:67,1,4,0
BRDA:1,2,0,0
BRDA:1,3,0,0
BRDA:1,3,1,36
BRF:9
BRH:1
end_of_record
TN:
SF:src\views\ViewBlog.vue
FN:30,(anonymous_0)
FN:35,(anonymous_1)
FN:36,(anonymous_2)
FN:1,(anonymous_3)
FNF:4
FNH:4
FNDA:1,(anonymous_0)
FNDA:1,(anonymous_1)
FNDA:2,(anonymous_2)
FNDA:2,(anonymous_3)
DA:1,9
DA:31,1
DA:36,1
DA:37,2
DA:39,1
LF:5
LH:5
BRDA:1,0,0,1
BRDA:1,0,1,1
BRF:2
BRH:2
end_of_record
